<?xml version="1.0" encoding="UTF-8"?>
<!-- Generated by org.testng.reporters.JUnitXMLReporter -->
<testsuite ignored="1" hostname="LAPTOP-0DP8VS40" failures="1" tests="2" name="Test" time="0.107" errors="0" timestamp="2022-08-01T16:10:06 IST">
  <testcase classname="TestCases.TestCasesGroup" name="test1" time="0.0">
    <failure type="org.testng.TestNGException" message="
Method test1 requires 2 parameters but 1 were supplied in the @Test annotation.">
      <![CDATA[org.testng.TestNGException: 
Method test1 requires 2 parameters but 1 were supplied in the @Test annotation.
at java.base/java.util.ArrayList.forEach(ArrayList.java:1511)
... Removed 26 stack frames]]>
    </failure>
  </testcase> <!-- test1 -->
  <testcase classname="TestCases.TestCasesGroup" name="test3" time="0.01"/>
  <testcase classname="TestCases.TestCasesGroup" name="test2" time="0.0">
    <ignored/>
  </testcase> <!-- test2 -->
</testsuite> <!-- Test -->
